Валерий Иванюк|06890018@i.ua|+3806890018|TEST|tm0lebqk6vkn2gt1acjd3a0t70|1518039180
Валерій|vitalikpope8@gmail.com|+3806890000|цукццкцукцук|tm0lebqk6vkn2gt1acjd3a0t70|1518079190
||||tm0lebqk6vkn2gt1acjd3a0t70|1518107178
||||tm0lebqk6vkn2gt1acjd3a0t70|1518160864
||||tm0lebqk6vkn2gt1acjd3a0t70|1518166121
HTTP|qweqweqwe|+3806890018|545654654654654654654654
65654654654
654654654|tm0lebqk6vkn2gt1acjd3a0t70|1518166171
HTTP|qweqweqwe|+3806890018|545654654654654654654654
65654654654
654654654|tm0lebqk6vkn2gt1acjd3a0t70|1518202538
HTTP|qweqweqwe|+3806890018|545654654654654654654654
65654654654
654654654|tm0lebqk6vkn2gt1acjd3a0t70|1518202725
11111111111|rakanwy6@gmail.com|+3806890000|qweqeqwe
qweqwe|tm0lebqk6vkn2gt1acjd3a0t70|1518202750
11111111111|rakanwy6@gmail.com|+3806890000|qweqeqwe
qweqwe|tm0lebqk6vkn2gt1acjd3a0t70|1518202831
11111111111|rakanwy6@gmail.com|+3806890000|qweqeqwe
qweqwe|tm0lebqk6vkn2gt1acjd3a0t70|1518202844
11111111111|rakanwy6@gmail.com|+3806890000|qweqeqwe
qweqwe|tm0lebqk6vkn2gt1acjd3a0t70|1518202938
11111111111|rakanwy6@gmail.com|+3806890000|qweqeqwe
qweqwe|tm0lebqk6vkn2gt1acjd3a0t70|1518202943
11111111111|rakanwy6@gmail.com|+3806890000|qweqeqwe
qweqwe|tm0lebqk6vkn2gt1acjd3a0t70|1518202989
11111111111|rakanwy6@gmail.com|+3806890000|qweqeqwe
qweqwe|tm0lebqk6vkn2gt1acjd3a0t70|1518202994
11111111111|rakanwy6@gmail.com|+3806890000|qweqeqwe
qweqwe|tm0lebqk6vkn2gt1acjd3a0t70|1518203023
11111111111|rakanwy6@gmail.com|+3806890000|qweqeqwe
qweqwe|tm0lebqk6vkn2gt1acjd3a0t70|1518203037
11111111111|rakanwy6@gmail.com|+3806890000|qweqeqwe
qweqwe|tm0lebqk6vkn2gt1acjd3a0t70|1518203062
11111111111|rakanwy6@gmail.com|+3806890000|qweqeqwe
qweqwe|tm0lebqk6vkn2gt1acjd3a0t70|1518203119
11111111111|rakanwy6@gmail.com|+3806890000|qweqeqwe
qweqwe|tm0lebqk6vkn2gt1acjd3a0t70|1518203183
wewewe|wewewe|wewewe|wewewe|tm0lebqk6vkn2gt1acjd3a0t70|1518203211
